<?xml version="1.0" encoding="UTF-8"?>
<!-- Generated by org.testng.reporters.JUnitXMLReporter -->
<testsuite ignored="1" hostname="LHTU05CG0391V80" failures="0" tests="2" name="Default test" time="50.596" errors="0" timestamp="2023-02-21T17:03:07 IST">
  <testcase classname="test.selenium.pdfReader" name="Reader" time="7.127"/>
  <testcase classname="test.selenium.pdfReader" name="ReaderSameBrowserTab" time="32.936"/>
  <testcase classname="test.selenium.pdfReader" name="ReaderNewBrowserTab" time="0.0">
    <ignored/>
  </testcase> <!-- ReaderNewBrowserTab -->
</testsuite> <!-- Default test -->
