<?xml version="1.0" encoding="UTF-8"?>
<testng-results ignored="0" total="1" passed="1" failed="0" skipped="0">
  <reporter-output>
  </reporter-output>
  <suite started-at="2023-02-20T09:03:52 IST" name="Default suite" finished-at="2023-02-20T09:04:12 IST" duration-ms="20491">
    <groups>
    </groups>
    <test started-at="2023-02-20T09:03:52 IST" name="Default test" finished-at="2023-02-20T09:04:12 IST" duration-ms="20491">
      <class name="test.selenium.pdfReader">
        <test-method is-config="true" signature="setup()[pri:0, instance:test.selenium.pdfReader@4d154ccd]" started-at="2023-02-20T09:03:52 IST" name="setup" finished-at="2023-02-20T09:04:08 IST" duration-ms="16157" status="PASS">
          <reporter-output>
          </reporter-output>
        </test-method> <!-- setup -->
        <test-method signature="PDFReader()[pri:0, instance:test.selenium.pdfReader@4d154ccd]" started-at="2023-02-20T09:04:08 IST" name="PDFReader" finished-at="2023-02-20T09:04:11 IST" duration-ms="3072" status="PASS">
          <reporter-output>
          </reporter-output>
        </test-method> <!-- PDFReader -->
        <test-method is-config="true" signature="tearDown()[pri:0, instance:test.selenium.pdfReader@4d154ccd]" started-at="2023-02-20T09:04:11 IST" name="tearDown" finished-at="2023-02-20T09:04:12 IST" duration-ms="1145" status="PASS">
          <reporter-output>
          </reporter-output>
        </test-method> <!-- tearDown -->
      </class> <!-- test.selenium.pdfReader -->
    </test> <!-- Default test -->
  </suite> <!-- Default suite -->
</testng-results>
