<?xml version="1.0" encoding="UTF-8"?>
<testng-results ignored="0" total="1" passed="1" failed="0" skipped="0">
  <reporter-output>
  </reporter-output>
  <suite started-at="2023-02-07T16:40:43 IST" name="Default suite" finished-at="2023-02-07T16:41:14 IST" duration-ms="30781">
    <groups>
    </groups>
    <test started-at="2023-02-07T16:40:43 IST" name="Default test" finished-at="2023-02-07T16:41:14 IST" duration-ms="30781">
      <class name="test.selenium.Selenium_Puzzle">
        <test-method signature="launchBrowser()[pri:0, instance:test.selenium.Selenium_Puzzle@23c30a20]" started-at="2023-02-07T16:40:43 IST" name="launchBrowser" finished-at="2023-02-07T16:41:14 IST" duration-ms="30706" status="PASS">
          <reporter-output>
          </reporter-output>
        </test-method> <!-- launchBrowser -->
      </class> <!-- test.selenium.Selenium_Puzzle -->
    </test> <!-- Default test -->
  </suite> <!-- Default suite -->
</testng-results>
